# JRE version: Java(TM) SE Runtime Environment (8.0_91-b14) (build 1.8.0_91-b14)
# Java VM: Java HotSpot(TM) 64-Bit Server VM (25.91-b14 mixed mode windows-amd64 compressed oops)
Heap:
 PSYoungGen      total 119808K, used 11993K [0x00000000e0000000, 0x00000000ec280000, 0x0000000100000000)
  eden space 110080K, 2% used [0x00000000e0000000,0x00000000e0237708,0x00000000e6b80000)
  from space 9728K, 99% used [0x00000000e6b80000,0x00000000e74feed0,0x00000000e7500000)
  to   space 11776K, 60% used [0x00000000eb700000,0x00000000ebe01700,0x00000000ec280000)
 ParOldGen       total 55808K, used 12489K [0x00000000a0000000, 0x00000000a3680000, 0x00000000e0000000)
  object space 55808K, 22% used [0x00000000a0000000,0x00000000a0c32468,0x00000000a3680000)
 Metaspace       used 34572K, capacity 35154K, committed 35456K, reserved 1079296K
  class space    used 4730K, capacity 4890K, committed 4992K, reserved 1048576K
GC Heap History (10 events):
Event: 6.699 GC heap after
Heap after GC invocations=4 (full 0):
 PSYoungGen      total 71680K, used 5120K [0x00000000e0000000, 0x00000000e4b00000, 0x0000000100000000)
  eden space 66560K, 0% used [0x00000000e0000000,0x00000000e0000000,0x00000000e4100000)
  from space 5120K, 100% used [0x00000000e4600000,0x00000000e4b00000,0x00000000e4b00000)
  to   space 5120K, 0% used [0x00000000e4100000,0x00000000e4100000,0x00000000e4600000)
 ParOldGen       total 87552K, used 7617K [0x00000000a0000000, 0x00000000a5580000, 0x00000000e0000000)
  object space 87552K, 8% used [0x00000000a0000000,0x00000000a0770418,0x00000000a5580000)
 Metaspace       used 20750K, capacity 21160K, committed 21296K, reserved 1067008K
  class space    used 2774K, capacity 2923K, committed 2944K, reserved 1048576K
}
Event: 6.699 GC heap before
{Heap before GC invocations=5 (full 1):
 PSYoungGen      total 71680K, used 5120K [0x00000000e0000000, 0x00000000e4b00000, 0x0000000100000000)
  eden space 66560K, 0% used [0x00000000e0000000,0x00000000e0000000,0x00000000e4100000)
  from space 5120K, 100% used [0x00000000e4600000,0x00000000e4b00000,0x00000000e4b00000)
  to   space 5120K, 0% used [0x00000000e4100000,0x00000000e4100000,0x00000000e4600000)
 ParOldGen       total 87552K, used 7617K [0x00000000a0000000, 0x00000000a5580000, 0x00000000e0000000)
  object space 87552K, 8% used [0x00000000a0000000,0x00000000a0770418,0x00000000a5580000)
 Metaspace       used 20750K, capacity 21160K, committed 21296K, reserved 1067008K
  class space    used 2774K, capacity 2923K, committed 2944K, reserved 1048576K
Event: 6.892 GC heap after
Heap after GC invocations=5 (full 1):
 PSYoungGen      total 71680K, used 0K [0x00000000e0000000, 0x00000000e4b00000, 0x0000000100000000)
  eden space 66560K, 0% used [0x00000000e0000000,0x00000000e0000000,0x00000000e4100000)
  from space 5120K, 0% used [0x00000000e4600000,0x00000000e4600000,0x00000000e4b00000)
  to   space 5120K, 0% used [0x00000000e4100000,0x00000000e4100000,0x00000000e4600000)
 ParOldGen       total 55808K, used 8256K [0x00000000a0000000, 0x00000000a3680000, 0x00000000e0000000)
  object space 55808K, 14% used [0x00000000a0000000,0x00000000a0810168,0x00000000a3680000)
 Metaspace       used 20750K, capacity 21160K, committed 21296K, reserved 1067008K
  class space    used 2774K, capacity 2923K, committed 2944K, reserved 1048576K
}
Event: 7.752 GC heap before
{Heap before GC invocations=6 (full 1):
 PSYoungGen      total 71680K, used 66560K [0x00000000e0000000, 0x00000000e4b00000, 0x0000000100000000)
  eden space 66560K, 100% used [0x00000000e0000000,0x00000000e4100000,0x00000000e4100000)
  from space 5120K, 0% used [0x00000000e4600000,0x00000000e4600000,0x00000000e4b00000)
  to   space 5120K, 0% used [0x00000000e4100000,0x00000000e4100000,0x00000000e4600000)
 ParOldGen       total 55808K, used 8256K [0x00000000a0000000, 0x00000000a3680000, 0x00000000e0000000)
  object space 55808K, 14% used [0x00000000a0000000,0x00000000a0810168,0x00000000a3680000)
 Metaspace       used 25885K, capacity 26366K, committed 26624K, reserved 1073152K
  class space    used 3635K, capacity 3777K, committed 3840K, reserved 1048576K
Event: 7.778 GC heap after
Heap after GC invocations=6 (full 1):
 PSYoungGen      total 71680K, used 5113K [0x00000000e0000000, 0x00000000e8200000, 0x0000000100000000)
  eden space 66560K, 0% used [0x00000000e0000000,0x00000000e0000000,0x00000000e4100000)
  from space 5120K, 99% used [0x00000000e4100000,0x00000000e45fe730,0x00000000e4600000)
  to   space 10240K, 0% used [0x00000000e7800000,0x00000000e7800000,0x00000000e8200000)
 ParOldGen       total 55808K, used 10475K [0x00000000a0000000, 0x00000000a3680000, 0x00000000e0000000)
  object space 55808K, 18% used [0x00000000a0000000,0x00000000a0a3ad20,0x00000000a3680000)
 Metaspace       used 25885K, capacity 26366K, committed 26624K, reserved 1073152K
  class space    used 3635K, capacity 3777K, committed 3840K, reserved 1048576K
}
Event: 8.615 GC heap before
{Heap before GC invocations=7 (full 1):
 PSYoungGen      total 71680K, used 71673K [0x00000000e0000000, 0x00000000e8200000, 0x0000000100000000)
  eden space 66560K, 100% used [0x00000000e0000000,0x00000000e4100000,0x00000000e4100000)
  from space 5120K, 99% used [0x00000000e4100000,0x00000000e45fe730,0x00000000e4600000)
  to   space 10240K, 0% used [0x00000000e7800000,0x00000000e7800000,0x00000000e8200000)
 ParOldGen       total 55808K, used 10475K [0x00000000a0000000, 0x00000000a3680000, 0x00000000e0000000)
  object space 55808K, 18% used [0x00000000a0000000,0x00000000a0a3ad20,0x00000000a3680000)
 Metaspace       used 28499K, capacity 29056K, committed 29312K, reserved 1075200K
  class space    used 3954K, capacity 4138K, committed 4224K, reserved 1048576K
Event: 8.624 GC heap after
Heap after GC invocations=7 (full 1):
 PSYoungGen      total 115712K, used 6198K [0x00000000e0000000, 0x00000000e7e80000, 0x0000000100000000)
  eden space 109056K, 0% used [0x00000000e0000000,0x00000000e0000000,0x00000000e6a80000)
  from space 6656K, 93% used [0x00000000e7800000,0x00000000e7e0d880,0x00000000e7e80000)
  to   space 9728K, 0% used [0x00000000e6b80000,0x00000000e6b80000,0x00000000e7500000)
 ParOldGen       total 55808K, used 10483K [0x00000000a0000000, 0x00000000a3680000, 0x00000000e0000000)
  object space 55808K, 18% used [0x00000000a0000000,0x00000000a0a3cd20,0x00000000a3680000)
 Metaspace       used 28499K, capacity 29056K, committed 29312K, reserved 1075200K
  class space    used 3954K, capacity 4138K, committed 4224K, reserved 1048576K
}
Event: 9.867 GC heap before
{Heap before GC invocations=8 (full 1):
 PSYoungGen      total 115712K, used 115254K [0x00000000e0000000, 0x00000000e7e80000, 0x0000000100000000)
  eden space 109056K, 100% used [0x00000000e0000000,0x00000000e6a80000,0x00000000e6a80000)
  from space 6656K, 93% used [0x00000000e7800000,0x00000000e7e0d880,0x00000000e7e80000)
  to   space 9728K, 0% used [0x00000000e6b80000,0x00000000e6b80000,0x00000000e7500000)
 ParOldGen       total 55808K, used 10483K [0x00000000a0000000, 0x00000000a3680000, 0x00000000e0000000)
  object space 55808K, 18% used [0x00000000a0000000,0x00000000a0a3cd20,0x00000000a3680000)
 Metaspace       used 34497K, capacity 35136K, committed 35456K, reserved 1079296K
  class space    used 4723K, capacity 4887K, committed 4992K, reserved 1048576K
Event: 9.905 GC heap after
Heap after GC invocations=8 (full 1):
 PSYoungGen      total 119808K, used 9723K [0x00000000e0000000, 0x00000000ec280000, 0x0000000100000000)
  eden space 110080K, 0% used [0x00000000e0000000,0x00000000e0000000,0x00000000e6b80000)
  from space 9728K, 99% used [0x00000000e6b80000,0x00000000e74feed0,0x00000000e7500000)
  to   space 11776K, 0% used [0x00000000eb700000,0x00000000eb700000,0x00000000ec280000)
 ParOldGen       total 55808K, used 12489K [0x00000000a0000000, 0x00000000a3680000, 0x00000000e0000000)
  object space 55808K, 22% used [0x00000000a0000000,0x00000000a0c32468,0x00000000a3680000)
 Metaspace       used 34497K, capacity 35136K, committed 35456K, reserved 1079296K
  class space    used 4723K, capacity 4887K, committed 4992K, reserved 1048576K
}
Event: 9.915 GC heap before
{Heap before GC invocations=9 (full 1):
 PSYoungGen      total 119808K, used 11993K [0x00000000e0000000, 0x00000000ec280000, 0x0000000100000000)
  eden space 110080K, 2% used [0x00000000e0000000,0x00000000e0237708,0x00000000e6b80000)
  from space 9728K, 99% used [0x00000000e6b80000,0x00000000e74feed0,0x00000000e7500000)
  to   space 11776K, 0% used [0x00000000eb700000,0x00000000eb700000,0x00000000ec280000)
 ParOldGen       total 55808K, used 12489K [0x00000000a0000000, 0x00000000a3680000, 0x00000000e0000000)
  object space 55808K, 22% used [0x00000000a0000000,0x00000000a0c32468,0x00000000a3680000)
 Metaspace       used 34572K, capacity 35154K, committed 35456K, reserved 1079296K
  class space    used 4730K, capacity 4890K, committed 4992K, reserved 1048576K

